2022/04/27-21:43 [restartedMain] INFO  edu.hfu.broadcast.BroadcastApplication- Starting BroadcastApplication using Java 11.0.7 on DESKTOP-6U6P2TE with PID 15276 (C:\Users\DELL\Desktop\broadcast1\target\classes started by 祖美娜zzz in C:\Users\DELL\Desktop\broadcast1)
2022/04/27-21:43 [restartedMain] INFO  edu.hfu.broadcast.BroadcastApplication- The following profiles are active: prd
2022/04/27-21:43 [restartedMain] INFO  org.springframework.boot.devtools.env.DevToolsPropertyDefaultsPostProcessor- Devtools property defaults active! Set 'spring.devtools.add-properties' to 'false' to disable
2022/04/27-21:43 [restartedMain] INFO  org.springframework.boot.devtools.env.DevToolsPropertyDefaultsPostProcessor- For additional web related logging consider setting the 'logging.level.web' property to 'DEBUG'
2022/04/27-21:43 [restartedMain] INFO  org.springframework.data.repository.config.RepositoryConfigurationDelegate- Bootstrapping Spring Data JPA repositories in DEFAULT mode.
2022/04/27-21:43 [restartedMain] INFO  org.springframework.data.repository.config.RepositoryConfigurationDelegate- Finished Spring Data repository scanning in 108 ms. Found 1 JPA repository interfaces.
2022/04/27-21:43 [restartedMain] INFO  org.springframework.context.support.PostProcessorRegistrationDelegate$BeanPostProcessorChecker- Bean 'org.springframework.security.access.expression.method.DefaultMethodSecurityExpressionHandler@568ca3e4' of type [org.springframework.security.access.expression.method.DefaultMethodSecurityExpressionHandler] is not eligible for getting processed by all BeanPostProcessors (for example: not eligible for auto-proxying)
2022/04/27-21:43 [restartedMain] INFO  org.springframework.context.support.PostProcessorRegistrationDelegate$BeanPostProcessorChecker- Bean 'methodSecurityMetadataSource' of type [org.springframework.security.access.method.DelegatingMethodSecurityMetadataSource] is not eligible for getting processed by all BeanPostProcessors (for example: not eligible for auto-proxying)
2022/04/27-21:43 [restartedMain] INFO  org.springframework.boot.web.embedded.tomcat.TomcatWebServer- Tomcat initialized with port(s): 8080 (http)
2022/04/27-21:43 [restartedMain] INFO  org.apache.catalina.core.StandardService- Starting service [Tomcat]
2022/04/27-21:43 [restartedMain] INFO  org.apache.catalina.core.StandardEngine- Starting Servlet engine: [Apache Tomcat/9.0.45]
2022/04/27-21:43 [restartedMain] INFO  org.apache.catalina.core.ContainerBase.[Tomcat].[localhost].[/broad]- Initializing Spring embedded WebApplicationContext
2022/04/27-21:43 [restartedMain] INFO  org.springframework.boot.web.servlet.context.ServletWebServerApplicationContext- Root WebApplicationContext: initialization completed in 2645 ms
2022/04/27-21:43 [restartedMain] INFO  com.alibaba.druid.spring.boot.autoconfigure.DruidDataSourceAutoConfigure- Init DruidDataSource
2022/04/27-21:43 [restartedMain] INFO  com.alibaba.druid.pool.DruidDataSource- {dataSource-1} inited
2022/04/27-21:43 [restartedMain] INFO  org.hibernate.jpa.internal.util.LogHelper- HHH000204: Processing PersistenceUnitInfo [name: default]
2022/04/27-21:43 [restartedMain] INFO  org.hibernate.Version- HHH000412: Hibernate ORM core version 5.4.30.Final
2022/04/27-21:43 [restartedMain] INFO  org.hibernate.annotations.common.Version- HCANN000001: Hibernate Commons Annotations {5.1.2.Final}
2022/04/27-21:43 [restartedMain] INFO  org.hibernate.dialect.Dialect- HHH000400: Using dialect: org.hibernate.dialect.MySQL5InnoDBDialect
2022/04/27-21:43 [restartedMain] INFO  org.hibernate.engine.transaction.jta.platform.internal.JtaPlatformInitiator- HHH000490: Using JtaPlatform implementation: [org.hibernate.engine.transaction.jta.platform.internal.NoJtaPlatform]
2022/04/27-21:43 [restartedMain] INFO  org.springframework.orm.jpa.LocalContainerEntityManagerFactoryBean- Initialized JPA EntityManagerFactory for persistence unit 'default'
2022/04/27-21:43 [restartedMain] INFO  org.springframework.boot.devtools.autoconfigure.OptionalLiveReloadServer- LiveReload server is running on port 35729
2022/04/27-21:43 [restartedMain] INFO  org.springframework.security.web.DefaultSecurityFilterChain- Will secure Ant [pattern='/druid/**'] with []
2022/04/27-21:43 [restartedMain] INFO  org.springframework.security.web.DefaultSecurityFilterChain- Will secure Ant [pattern='/login'] with []
2022/04/27-21:43 [restartedMain] INFO  org.springframework.security.web.DefaultSecurityFilterChain- Will secure Ant [pattern='/static/**'] with []
2022/04/27-21:43 [restartedMain] INFO  org.springframework.security.web.DefaultSecurityFilterChain- Will secure Ant [pattern='/'] with []
2022/04/27-21:43 [restartedMain] INFO  org.springframework.security.web.DefaultSecurityFilterChain- Will secure Ant [pattern='/goBlank'] with []
2022/04/27-21:43 [restartedMain] INFO  org.springframework.security.web.DefaultSecurityFilterChain- Will secure Ant [pattern='/invalidSession'] with []
2022/04/27-21:43 [restartedMain] INFO  org.springframework.security.web.DefaultSecurityFilterChain- Will secure Ant [pattern='/vercode'] with []
2022/04/27-21:43 [restartedMain] INFO  org.springframework.security.web.DefaultSecurityFilterChain- Will secure any request with [org.springframework.security.web.context.request.async.WebAsyncManagerIntegrationFilter@519d77ff, org.springframework.security.web.context.SecurityContextPersistenceFilter@47572361, org.springframework.security.web.header.HeaderWriterFilter@453d38, org.springframework.security.web.authentication.logout.LogoutFilter@ae6317e, org.springframework.security.web.authentication.UsernamePasswordAuthenticationFilter@3a6d107b, org.springframework.security.web.session.ConcurrentSessionFilter@5a7ed067, org.springframework.security.web.savedrequest.RequestCacheAwareFilter@635ac2a2, org.springframework.security.web.servletapi.SecurityContextHolderAwareRequestFilter@4570851b, org.springframework.security.web.authentication.AnonymousAuthenticationFilter@3214b7f, org.springframework.security.web.session.SessionManagementFilter@aee5d4e, org.springframework.security.web.access.ExceptionTranslationFilter@788a97e6, org.springframework.security.web.access.intercept.FilterSecurityInterceptor@60726ba2]
2022/04/27-21:43 [restartedMain] INFO  org.springframework.boot.web.embedded.tomcat.TomcatWebServer- Tomcat started on port(s): 8080 (http) with context path '/broad'
2022/04/27-21:43 [restartedMain] INFO  edu.hfu.broadcast.BroadcastApplication- Started BroadcastApplication in 8.019 seconds (JVM running for 9.92)
2022/04/27-21:54 [http-nio-8080-exec-1] INFO  org.apache.catalina.core.ContainerBase.[Tomcat].[localhost].[/broad]- Initializing Spring DispatcherServlet 'dispatcherServlet'
2022/04/27-21:54 [http-nio-8080-exec-1] INFO  org.springframework.web.servlet.DispatcherServlet- Initializing Servlet 'dispatcherServlet'
2022/04/27-21:54 [http-nio-8080-exec-1] INFO  org.springframework.web.servlet.DispatcherServlet- Completed initialization in 1 ms
2022/04/27-21:54 [http-nio-8080-exec-10] WARN  org.apache.catalina.util.SessionIdGeneratorBase- Creation of SecureRandom instance for session ID generation using [SHA1PRNG] took [508] milliseconds.
2022/04/27-21:54 [http-nio-8080-exec-5] WARN  com.alibaba.druid.pool.DruidAbstractDataSource- discard long time none received connection. , jdbcUrl : jdbc:mysql://127.0.0.1:3306/broad?useSSL=false&useUnicode=true&characterEncoding=utf8&serverTimezone=GMT%2B8, version : 1.2.5, lastPacketReceivedIdleMillis : 660813
2022/04/27-21:54 [http-nio-8080-exec-5] WARN  com.alibaba.druid.pool.DruidAbstractDataSource- discard long time none received connection. , jdbcUrl : jdbc:mysql://127.0.0.1:3306/broad?useSSL=false&useUnicode=true&characterEncoding=utf8&serverTimezone=GMT%2B8, version : 1.2.5, lastPacketReceivedIdleMillis : 664922
2022/04/27-21:54 [http-nio-8080-exec-5] WARN  com.alibaba.druid.pool.DruidAbstractDataSource- discard long time none received connection. , jdbcUrl : jdbc:mysql://127.0.0.1:3306/broad?useSSL=false&useUnicode=true&characterEncoding=utf8&serverTimezone=GMT%2B8, version : 1.2.5, lastPacketReceivedIdleMillis : 664926
2022/04/27-21:54 [http-nio-8080-exec-5] WARN  com.alibaba.druid.pool.DruidAbstractDataSource- discard long time none received connection. , jdbcUrl : jdbc:mysql://127.0.0.1:3306/broad?useSSL=false&useUnicode=true&characterEncoding=utf8&serverTimezone=GMT%2B8, version : 1.2.5, lastPacketReceivedIdleMillis : 664931
2022/04/27-21:54 [http-nio-8080-exec-3] WARN  org.springframework.web.servlet.mvc.support.DefaultHandlerExceptionResolver- Resolved [org.springframework.http.converter.HttpMessageNotWritableException: Could not write JSON: Unable to find edu.hfu.broadcast.bean.AnchorInformation with id 43; nested exception is com.fasterxml.jackson.databind.JsonMappingException: Unable to find edu.hfu.broadcast.bean.AnchorInformation with id 43 (through reference chain: java.util.HashMap["rows"]->java.util.ArrayList[0]->edu.hfu.broadcast.bean.AnchorApplication["anchorInformation"]->edu.hfu.broadcast.bean.AnchorInformation$HibernateProxy$3cppN9Xw["createUser"])]
2022/04/27-22:02 [RMI TCP Connection(2)-127.0.0.1] INFO  org.springframework.boot.admin.SpringApplicationAdminMXBeanRegistrar$SpringApplicationAdmin- Application shutdown requested.
2022/04/27-22:02 [RMI TCP Connection(2)-127.0.0.1] INFO  org.springframework.orm.jpa.LocalContainerEntityManagerFactoryBean- Closing JPA EntityManagerFactory for persistence unit 'default'
2022/04/27-22:02 [RMI TCP Connection(2)-127.0.0.1] INFO  com.alibaba.druid.pool.DruidDataSource- {dataSource-1} closing ...
2022/04/27-22:02 [RMI TCP Connection(2)-127.0.0.1] INFO  com.alibaba.druid.pool.DruidDataSource- {dataSource-1} closed
